<?xml version="1.0" encoding="UTF-8"?>
<testng-results ignored="0" total="1" passed="1" failed="0" skipped="0">
  <reporter-output>
  </reporter-output>
  <suite started-at="2024-08-29T20:33:25 SELČ" name="Default suite" finished-at="2024-08-29T20:33:47 SELČ" duration-ms="22677">
    <groups>
    </groups>
    <test started-at="2024-08-29T20:33:25 SELČ" name="Default test" finished-at="2024-08-29T20:33:47 SELČ" duration-ms="22677">
      <class name="CancelOrder">
        <test-method signature="CancelPlacedOrder()[pri:0, instance:CancelOrder@13f17eb4]" started-at="2024-08-29T20:33:25 SELČ" name="CancelPlacedOrder" finished-at="2024-08-29T20:33:47 SELČ" duration-ms="22604" status="PASS">
          <reporter-output>
          </reporter-output>
        </test-method> <!-- CancelPlacedOrder -->
      </class> <!-- CancelOrder -->
    </test> <!-- Default test -->
  </suite> <!-- Default suite -->
</testng-results>
